<?xml version="1.0" encoding="UTF-8"?>
<testng-results ignored="0" total="1" passed="1" failed="0" skipped="0">
  <reporter-output>
  </reporter-output>
  <suite started-at="2025-02-16T00:13:04 CET" name="Default suite" finished-at="2025-02-16T00:13:05 CET" duration-ms="1429">
    <groups>
    </groups>
    <test started-at="2025-02-16T00:13:04 CET" name="Default test" finished-at="2025-02-16T00:13:05 CET" duration-ms="1429">
      <class name="apiTesting.PathAndQueryParam">
        <test-method signature="PathAndQuery()[pri:0, instance:apiTesting.PathAndQueryParam@145f66e3]" started-at="2025-02-16T00:13:04 CET" name="PathAndQuery" finished-at="2025-02-16T00:13:05 CET" duration-ms="1391" status="PASS">
          <reporter-output>
          </reporter-output>
        </test-method> <!-- PathAndQuery -->
      </class> <!-- apiTesting.PathAndQueryParam -->
    </test> <!-- Default test -->
  </suite> <!-- Default suite -->
</testng-results>
